2024-07-19 14:28:11 info : Panel added successfully: $2b$10$rnMzX94APIM/eR4ThG61sOTj5rt1Eay0N07mLfZ2PSe59DtGV/0y6
2024-07-19 15:30:49 info : Panel added successfully: $2b$10$rnMzX94APIM/eR4ThG61sO2.N/u/PaNHsyBWItBp3fUia1lBJXfu2
2024-07-19 15:31:06 info : Panel deleted successfully: $2b$10$rnMzX94APIM/eR4ThG61sO2.N/u/PaNHsyBWItBp3fUia1lBJXfu2
2024-07-19 15:32:17 info : Panel added successfully: $2b$10$rnMzX94APIM/eR4ThG61sO2.N/u/PaNHsyBWItBp3fUia1lBJXfu2
2024-07-19 15:32:30 info : Panel deleted successfully: $2b$10$rnMzX94APIM/eR4ThG61sO2.N/u/PaNHsyBWItBp3fUia1lBJXfu2
2024-07-19 15:33:48 info : Panel deleted successfully: $2b$10$rnMzX94APIM/eR4ThG61sOTj5rt1Eay0N07mLfZ2PSe59DtGV/0y6
2024-07-19 15:33:59 info : Panel added successfully: $2b$10$rnMzX94APIM/eR4ThG61sO2.N/u/PaNHsyBWItBp3fUia1lBJXfu2
2024-07-19 15:40:30 info : Panel updated successfully: $2b$10$rnMzX94APIM/eR4ThG61sO2.N/u/PaNHsyBWItBp3fUia1lBJXfu2
2024-07-19 15:41:01 info : Panel updated successfully: $2b$10$rnMzX94APIM/eR4ThG61sO2.N/u/PaNHsyBWItBp3fUia1lBJXfu2
2024-07-19 15:41:11 info : Panel updated successfully: $2b$10$rnMzX94APIM/eR4ThG61sO2.N/u/PaNHsyBWItBp3fUia1lBJXfu2
2024-07-19 15:43:27 info : Panel updated successfully: $2b$10$rnMzX94APIM/eR4ThG61sO2.N/u/PaNHsyBWItBp3fUia1lBJXfu2
2024-07-19 15:51:40 info : Panel added successfully: $2b$10$rnMzX94APIM/eR4ThG61sOHdDPlIE2BK6skgPFtcEbZ/SmDi.3DIG
2024-07-19 15:53:05 info : Panel updated successfully: $2b$10$rnMzX94APIM/eR4ThG61sOHdDPlIE2BK6skgPFtcEbZ/SmDi.3DIG
2024-07-19 16:10:48 info : Panel updated successfully: $2b$10$rnMzX94APIM/eR4ThG61sOHdDPlIE2BK6skgPFtcEbZ/SmDi.3DIG
2024-07-19 16:13:14 info : Panel updated successfully: $2b$10$rnMzX94APIM/eR4ThG61sOHdDPlIE2BK6skgPFtcEbZ/SmDi.3DIG
2024-07-19 16:13:53 info : Panel updated successfully: $2b$10$rnMzX94APIM/eR4ThG61sOHdDPlIE2BK6skgPFtcEbZ/SmDi.3DIG
2024-07-19 16:14:17 info : Panel updated successfully: $2b$10$rnMzX94APIM/eR4ThG61sOHdDPlIE2BK6skgPFtcEbZ/SmDi.3DIG
2024-07-19 16:16:03 info : Panel updated successfully: $2b$10$rnMzX94APIM/eR4ThG61sOHdDPlIE2BK6skgPFtcEbZ/SmDi.3DIG
2024-07-19 16:16:18 info : Panel updated successfully: $2b$10$rnMzX94APIM/eR4ThG61sOHdDPlIE2BK6skgPFtcEbZ/SmDi.3DIG
2024-07-19 16:16:45 info : Panel updated successfully: $2b$10$rnMzX94APIM/eR4ThG61sOHdDPlIE2BK6skgPFtcEbZ/SmDi.3DIG
2024-07-19 16:17:08 info : Panel updated successfully: $2b$10$rnMzX94APIM/eR4ThG61sOHdDPlIE2BK6skgPFtcEbZ/SmDi.3DIG
2024-07-19 16:18:43 info : Panel updated successfully: $2b$10$rnMzX94APIM/eR4ThG61sOHdDPlIE2BK6skgPFtcEbZ/SmDi.3DIG
2024-07-19 16:19:01 info : Panel updated successfully: $2b$10$rnMzX94APIM/eR4ThG61sOHdDPlIE2BK6skgPFtcEbZ/SmDi.3DIG
2024-07-19 16:19:15 info : Panel updated successfully: $2b$10$rnMzX94APIM/eR4ThG61sOUShapAn9sRnCGfm.sITV3NqY2qqFbOK
2024-07-19 16:24:57 info : Panel updated successfully: $2b$10$rnMzX94APIM/eR4ThG61sOVYLHM6YWgTrMZPuyNT7pYfwSsjLW9N.
2024-07-19 16:30:00 info : Panel updated successfully: $2b$10$rnMzX94APIM/eR4ThG61sOekZ1m6A2QScHSP.bmHAXsB./0sCd5Ay
2024-07-19 16:30:20 info : Panel updated successfully: $2b$10$rnMzX94APIM/eR4ThG61sOekZ1m6A2QScHSP.bmHAXsB./0sCd5Ay
2024-07-20 07:04:50 info : Panel deleted successfully: $2b$10$rnMzX94APIM/eR4ThG61sOekZ1m6A2QScHSP.bmHAXsB./0sCd5Ay
2024-07-20 07:06:33 info : Panel added successfully: $2b$10$rnMzX94APIM/eR4ThG61sO2.N/u/PaNHsyBWItBp3fUia1lBJXfu2
2024-07-20 10:17:43 info : Clients updated successfully
2024-07-20 10:20:55 info : Clients updated successfully
2024-07-20 10:31:01 info : Clients updated successfully
2024-07-20 16:16:00 info : Clients updated successfully
2024-07-20 16:16:11 info : Clients updated successfully
2024-07-20 16:16:41 info : Clients updated successfully
2024-07-20 16:17:08 info : Clients updated successfully
2024-07-20 16:18:21 info : Clients updated successfully
2024-07-20 16:24:40 info : Clients updated successfully
2024-07-20 16:40:46 info : Clients updated successfully
2024-07-20 16:48:15 info : Clients updated successfully
2024-07-20 16:48:27 info : Clients updated successfully
2024-07-20 16:50:42 info : Clients updated successfully
2024-07-20 16:51:00 info : Clients updated successfully
2024-07-20 16:53:04 info : Clients updated successfully
2024-07-20 16:53:22 info : Clients updated successfully
2024-07-20 16:53:39 info : Clients updated successfully
2024-07-20 16:54:02 info : Clients updated successfully
2024-07-20 16:55:02 info : Clients updated successfully
2024-07-20 16:56:38 info : Clients updated successfully
2024-07-20 16:57:48 info : Clients updated successfully
2024-07-20 16:58:25 info : Clients updated successfully
2024-07-20 16:58:43 info : Clients updated successfully
2024-07-20 17:01:06 info : Clients updated successfully
2024-07-20 17:01:28 info : Clients updated successfully
2024-07-20 17:02:39 info : Clients updated successfully
2024-07-20 17:03:03 info : Clients updated successfully
2024-07-20 17:03:23 info : Clients updated successfully
2024-07-20 17:03:58 info : Clients updated successfully
2024-07-20 17:04:19 info : Clients updated successfully
2024-07-20 17:04:28 info : Clients updated successfully
2024-07-20 17:04:44 info : Clients updated successfully
2024-07-20 17:05:01 info : Clients updated successfully
2024-07-20 17:08:04 info : Clients updated successfully
2024-07-20 17:09:44 info : Clients updated successfully
2024-07-20 17:10:47 info : Clients updated successfully
2024-07-20 17:16:18 info : Clients updated successfully
2024-07-20 17:17:54 info : Clients updated successfully
2024-07-20 17:24:47 info : Clients updated successfully , count: 134
2024-07-20 17:33:49 info : Panel added successfully: 50596c40e740aa9e070918a55fb3fd74e572a732d01c5e5cc503955fa05c3452
2024-07-20 17:34:35 info : Panel updated successfully: 50596c40e740aa9e070918a55fb3fd74e572a732d01c5e5cc503955fa05c3452
2024-07-20 17:42:01 info : Panel session updated: 50596c40e740aa9e070918a55fb3fd74e572a732d01c5e5cc503955fa05c3452
2024-07-20 17:47:03 info : Panel deleted successfully: 50596c40e740aa9e070918a55fb3fd74e572a732d01c5e5cc503955fa05c3452
2024-07-20 18:00:18 info : Clients updated successfully , count: 134
2024-07-20 18:02:10 info : Panel added successfully: 50596c40e740aa9e070918a55fb3fd74e572a732d01c5e5cc503955fa05c3452
2024-07-20 18:02:41 info : Panel session updated: 50596c40e740aa9e070918a55fb3fd74e572a732d01c5e5cc503955fa05c3452
2024-07-20 20:45:29 info : Clients updated successfully , count: 0
2024-07-20 20:48:40 info : Panel added successfully: 50596c40e740aa9e070918a55fb3fd74e572a732d01c5e5cc503955fa05c3452
2024-07-20 20:48:55 info : Panel session updated: 50596c40e740aa9e070918a55fb3fd74e572a732d01c5e5cc503955fa05c3452
2024-07-20 21:09:28 info : Panel added successfully: b4b6a96760bcd41068e2cd1b01e9060bcef01ccca81a168d95a740d3752a9fb3
2024-07-20 21:11:11 info : Panel deleted successfully: 50596c40e740aa9e070918a55fb3fd74e572a732d01c5e5cc503955fa05c3452
2024-07-20 21:14:27 info : Panel session updated: b4b6a96760bcd41068e2cd1b01e9060bcef01ccca81a168d95a740d3752a9fb3
2024-07-20 21:14:29 info : Clients updated successfully , count: 134
2024-07-20 21:15:19 info : Clients updated successfully , count: 134
2024-07-20 21:17:05 info : Panel added successfully: 50596c40e740aa9e070918a55fb3fd74e572a732d01c5e5cc503955fa05c3452
2024-07-20 21:17:29 info : Panel session updated: 50596c40e740aa9e070918a55fb3fd74e572a732d01c5e5cc503955fa05c3452
2024-07-20 21:28:42 info : Clients updated successfully , count: 0
2024-07-20 21:28:59 info : Clients updated successfully , count: 0
2024-07-20 21:30:19 info : Clients updated successfully , count: 0
2024-07-20 21:35:46 info : Clients updated successfully , count: 0
2024-07-20 21:40:34 info : Clients updated successfully, count: 134
2024-07-20 21:41:31 info : Clients updated successfully, count: 134
2024-07-20 21:42:38 info : Clients updated successfully, count: 0
2024-07-20 21:52:33 info : Clients updated successfully, count: 0
2024-07-20 21:52:58 info : Clients updated successfully, count: 134
2024-07-20 21:55:21 info : Clients updated successfully, count: 134
2024-07-20 22:00:15 info : Panel updated successfully: 50596c40e740aa9e070918a55fb3fd74e572a732d01c5e5cc503955fa05c3452
2024-07-20 22:01:13 info : Clients updated successfully, count: 0
2024-07-20 22:04:53 info : Clients updated successfully, count: 0
2024-07-20 22:06:19 info : Clients updated successfully, count: 0
2024-07-20 22:07:00 info : Clients updated successfully, count: 0
2024-07-20 22:07:27 info : Clients updated successfully, count: 0
2024-07-20 22:08:04 info : Clients updated successfully, count: 0
2024-07-20 22:09:38 info : Clients updated successfully, count: 0
2024-07-20 22:10:44 info : Clients updated successfully, count: 0
2024-07-20 22:11:21 info : Clients updated successfully, count: 0
2024-07-20 22:11:56 info : Clients updated successfully, count: 0
2024-07-20 22:13:02 info : Clients updated successfully, count: 0
2024-07-20 22:14:04 info : Clients updated successfully, count: 0
2024-07-20 22:14:34 info : Clients updated successfully, count: 0
2024-07-20 22:14:54 info : Clients updated successfully, count: 0
2024-07-20 22:17:36 info : Clients updated successfully, count: 0
2024-07-20 22:18:00 info : Clients updated successfully, count: 0
2024-07-20 22:18:34 info : Clients updated successfully, count: 0
2024-07-20 22:19:10 info : Clients updated successfully, count: 0
2024-07-20 22:19:20 info : Clients updated successfully, count: 0
2024-07-20 22:19:29 info : Clients updated successfully, count: 0
2024-07-20 22:20:41 info : Clients updated successfully, count: 0
2024-07-20 22:21:41 info : Clients updated successfully, count: 0
2024-07-20 22:21:58 info : Panel deleted successfully: 575a26baf833aec4fcac86e6bc2e13bf52666938a2f2a4e9b2187c9c6136e38e
2024-07-20 22:29:53 info : Clients updated successfully, count: 134
2024-07-20 22:30:01 info : Clients updated successfully, count: 134
2024-07-20 22:32:43 info : Panel added successfully: 575a26baf833aec4fcac86e6bc2e13bf52666938a2f2a4e9b2187c9c6136e38e
2024-07-20 22:32:51 info : Panel session updated: 575a26baf833aec4fcac86e6bc2e13bf52666938a2f2a4e9b2187c9c6136e38e
2024-07-20 22:43:45 info : Clients updated successfully, count: 0
2024-07-20 22:44:11 info : Clients updated successfully, count: 0
2024-07-20 22:44:46 info : Clients updated successfully, count: 0
2024-07-20 22:45:05 info : Clients updated successfully, count: 0
2024-07-20 22:45:24 info : Clients updated successfully, count: 0
2024-07-20 22:46:09 info : Clients updated successfully, count: 0
2024-07-20 22:46:24 info : Clients updated successfully, count: 0
2024-07-20 22:46:43 info : Clients updated successfully, count: 0
2024-07-20 22:46:48 info : Clients updated successfully, count: 0
2024-07-20 22:46:57 info : Clients updated successfully, count: 0
2024-07-20 22:47:10 info : Clients updated successfully, count: 0
2024-07-20 22:48:03 info : Clients updated successfully, count: 0
2024-07-20 22:59:55 info : Panel deleted successfully: 575a26baf833aec4fcac86e6bc2e13bf52666938a2f2a4e9b2187c9c6136e38e
2024-07-20 23:00:03 info : Clients updated successfully, count: 134
2024-07-21 13:30:45 info : Clients updated successfully, count: 134
2024-07-21 13:31:25 info : Panel added successfully: 575a26baf833aec4fcac86e6bc2e13bf52666938a2f2a4e9b2187c9c6136e38e
2024-07-21 13:31:36 info : Panel session updated: 575a26baf833aec4fcac86e6bc2e13bf52666938a2f2a4e9b2187c9c6136e38e
2024-07-21 15:43:44 info : Panel deleted successfully: 575a26baf833aec4fcac86e6bc2e13bf52666938a2f2a4e9b2187c9c6136e38e
2024-07-21 15:43:58 info : Panel added successfully: 575a26baf833aec4fcac86e6bc2e13bf52666938a2f2a4e9b2187c9c6136e38e
2024-07-21 15:44:24 info : Panel session updated: 575a26baf833aec4fcac86e6bc2e13bf52666938a2f2a4e9b2187c9c6136e38e
2024-07-21 15:48:57 info : Panel deleted successfully: b4b6a96760bcd41068e2cd1b01e9060bcef01ccca81a168d95a740d3752a9fb3
2024-07-21 15:49:09 info : Clients updated successfully, count: 1
2024-07-21 15:49:41 info : Panel added successfully: b4b6a96760bcd41068e2cd1b01e9060bcef01ccca81a168d95a740d3752a9fb3
2024-07-21 15:49:52 info : Panel session updated: b4b6a96760bcd41068e2cd1b01e9060bcef01ccca81a168d95a740d3752a9fb3
2024-07-21 15:49:54 info : Clients updated successfully, count: 135
2024-07-21 15:50:44 info : Clients updated successfully, count: 135
2024-07-21 15:55:02 info : Clients updated successfully, count: 135
2024-07-21 16:10:06 info : Clients updated successfully, count: 135
2024-07-21 16:10:15 info : Clients updated successfully, count: 135
2024-07-21 16:15:01 info : Clients updated successfully, count: 135
2024-07-21 16:16:18 info : Clients updated successfully, count: 135
2024-07-21 16:20:05 info : Clients updated successfully, count: 0
2024-07-21 16:20:28 info : Clients updated successfully, count: 135
2024-07-21 16:23:59 info : Clients updated successfully, count: 135
2024-07-21 16:27:04 info : Clients updated successfully, count: 135
2024-07-21 16:31:46 info : Clients updated successfully, count: 135
2024-07-21 16:34:06 info : Clients updated successfully, count: 135
2024-07-21 16:36:02 info : Clients updated successfully, count: 135
2024-07-21 16:37:23 info : Clients updated successfully, count: 135
2024-07-21 16:44:52 info : Clients updated successfully, count: 135
2024-07-21 16:45:44 info : Clients updated successfully, count: 135
2024-07-21 16:46:40 info : Clients updated successfully, count: 135
2024-07-21 16:47:32 info : Clients updated successfully, count: 135
2024-07-21 16:49:23 info : Clients updated successfully, count: 135
2024-07-21 16:50:33 info : Clients updated successfully
2024-07-21 16:51:25 info : Clients updated successfully . count :135
2024-07-21 16:51:53 info : Panel added successfully: 74831aa93ada2fcfc18f0988303e63c2b76ad258073e6fb1ed094739d78386b7
2024-07-21 17:05:38 info : Clients updated successfully. count :135
2024-07-21 17:07:43 info : Clients updated successfully. count: 135
2024-07-21 17:08:24 info : Clients updated successfully. count: 135
2024-07-21 17:10:39 info : Clients updated successfully. count: 135
2024-07-22 04:42:52 info : Clients updated successfully. count: 135
2024-07-22 04:49:55 info : Clients updated successfully. count: 135
2024-07-22 04:50:31 info : Clients updated successfully. count: 135
2024-07-22 04:57:18 info : Cleared existing clients
2024-07-22 04:57:22 info : Clients updated successfully. Count: 135
2024-07-22 05:03:19 info : Cleared existing clients
2024-07-22 05:03:23 info : Clients updated successfully. Count: 135
2024-07-22 05:03:32 info : Cleared existing clients
2024-07-22 05:03:35 info : Clients updated successfully. Count: 135
2024-07-22 05:05:21 info : Cleared existing clients
2024-07-22 05:05:24 info : Clients updated successfully. Count: 135
2024-07-22 05:09:55 info : Cleared existing clients
2024-07-22 05:09:58 info : Clients updated successfully. Count: 135
2024-07-22 05:10:45 info : Cleared existing clients
2024-07-22 05:10:48 info : Clients updated successfully. Count: 135
2024-07-22 05:11:11 info : Cleared existing clients
2024-07-22 05:11:14 info : Clients updated successfully. Count: 135
2024-07-22 05:11:35 info : Cleared existing clients
2024-07-22 05:11:38 info : Clients updated successfully. Count: 135
2024-07-22 05:11:49 info : Cleared existing clients
2024-07-22 05:11:52 info : Clients updated successfully. Count: 135
2024-07-22 05:12:01 info : Cleared existing clients
2024-07-22 05:12:04 info : Clients updated successfully. Count: 135
2024-07-22 05:13:27 info : Cleared existing clients
2024-07-22 05:13:30 info : Clients updated successfully. Count: 135
2024-07-22 05:13:42 info : Cleared existing clients
2024-07-22 05:13:45 info : Clients updated successfully. Count: 135
2024-07-22 05:13:49 info : Cleared existing clients
2024-07-22 05:13:52 info : Clients updated successfully. Count: 135
2024-07-22 05:18:18 info : Language changed to: fa
2024-07-22 05:18:18 info : clients.cleared
2024-07-22 05:18:21 info : clients.updatedSuccessfully
2024-07-22 05:21:44 info : Language changed to: fa
2024-07-22 05:21:44 info : clients.cleared
2024-07-22 05:21:47 info : clients.updatedSuccessfully
2024-07-22 05:25:06 info : Language changed to: fa
2024-07-22 05:25:06 info : clients.cleared
2024-07-22 05:25:09 info : clients.updatedSuccessfully
2024-07-22 05:27:03 info : Language changed to: fa
2024-07-22 05:27:03 info : کاربرها با موفقیت پاک شدند.
2024-07-22 05:27:05 info : clients.updatedSuccessfully
2024-07-22 05:31:48 info : Cleared existing clients
2024-07-22 05:31:51 info : Clients updated successfully. Count: 135
2024-07-22 05:33:53 info : Cleared existing clients
2024-07-22 05:33:57 info : Clients updated successfully. Count: 135
2024-07-22 05:34:01 info : Cleared existing clients
2024-07-22 05:34:03 info : Clients updated successfully. Count: 135
2024-07-22 05:34:08 info : Cleared existing clients
2024-07-22 05:34:11 info : Clients updated successfully. Count: 135
2024-07-22 05:37:03 info : Cleared existing clients
2024-07-22 05:37:06 info : Clients updated successfully. Count: 135
2024-07-22 05:41:48 info : Cleared existing clients
2024-07-22 05:41:52 info : Clients updated successfully. Count: 135
2024-07-22 06:12:48 info : Cleared existing clients
2024-07-22 06:12:52 info : Clients updated successfully. Count: 136
2024-07-22 08:35:31 info : Cleared existing clients
2024-07-22 08:35:34 info : Clients updated successfully. Count: 136
2024-07-22 08:41:00 info : Panel deleted successfully: b4b6a96760bcd41068e2cd1b01e9060bcef01ccca81a168d95a740d3752a9fb3
2024-07-22 08:41:10 info : Cleared existing clients
2024-07-22 08:41:11 info : Clients updated successfully. Count: 1
2024-07-23 02:25:12 info : Cleared existing clients
2024-07-23 02:25:13 info : Clients updated successfully. Count: 1
2024-07-23 04:29:51 info : Cleared existing clients
2024-07-23 04:29:53 info : Clients updated successfully. Count: 1
2024-07-23 04:56:36 info : Cleared existing clients
2024-07-23 04:59:17 info : Cleared existing clients
2024-07-23 05:00:03 info : Cleared existing clients
2024-07-23 05:01:09 info : Cleared existing clients
2024-07-23 05:02:08 info : Cleared existing clients
2024-07-23 05:02:53 info : Cleared existing clients
2024-07-23 05:03:46 info : Cleared existing clients
2024-07-23 05:04:00 info : Cleared existing clients
2024-07-23 05:05:18 info : Cleared existing clients
2024-07-23 05:05:19 info : Clients updated successfully. Count: 1
2024-07-23 05:05:49 info : Cleared existing clients
2024-07-23 05:05:50 info : Clients updated successfully. Count: 1
2024-07-23 05:10:03 info : Panel added successfully: s2.ne1wor.online
2024-07-23 05:10:41 info : Panel deleted successfully: s2.ne1wor.online
2024-07-23 05:11:27 info : Panel deleted successfully: s2.ne1wor.online
2024-07-23 05:17:14 info : Panel session updated: s2.ne1work.online
2024-07-23 05:17:14 info : Panel added successfully: s2.ne1work.online
2024-07-23 05:20:35 info : Cleared existing clients
2024-07-23 05:20:39 info : Clients updated successfully. Count: 136
2024-07-23 05:22:13 info : Panel deleted successfully: s2.ne1work.online
2024-07-23 05:25:45 info : Cleared existing clients
2024-07-23 05:25:48 info : Clients updated successfully. Count: 1
2024-07-23 05:25:59 info : Panel session updated: s2.ne1work.online
2024-07-23 05:25:59 info : Panel added successfully: s2.ne1work.online
2024-07-23 05:26:00 info : Cleared existing clients
2024-07-23 05:26:03 info : Clients updated successfully. Count: 136
